<?xml version="1.0" encoding="UTF-8"?>
<testsuite xmlns:xsi="http://www.w3.org/2001/XMLSchema-instance" xsi:noNamespaceSchemaLocation="https://maven.apache.org/surefire/maven-surefire-plugin/xsd/surefire-test-report.xsd" version="3.0.2" name="com.example.cricScore.CricScoreApplicationTests" time="12.058" tests="1" errors="0" skipped="0" failures="0">
  <properties>
[...]
</properties>
  <testcase name="contextLoads" classname="com.example.cricScore.CricScoreApplicationTests" time="0.99">
    <system-out><![CDATA[02:15:42.012 [main] INFO org.springframework.test.context.support.AnnotationConfigContextLoaderUtils -- Could not detect default configuration classes for test class [com.example.cricScore.CricScoreApplicationTests]: CricScoreApplicationTests does not declare any static, non-private, non-final, nested classes annotated with @Configuration.
02:15:42.260 [main] INFO org.springframework.boot.test.context.SpringBootTestContextBootstrapper -- Found @SpringBootConfiguration com.example.cricScore.CricScoreApplication for test class com.example.cricScore.CricScoreApplicationTests

  .   ____          _            __ _ _
 /\\ / ___'_ __ _ _(_)_ __  __ _ \ \ \ \
( ( )\___ | '_ | '_| | '_ \/ _` | \ \ \ \
 \\/  ___)| |_)| | | | | || (_| |  ) ) ) )
  '  |____| .__|_| |_|_| |_\__, | / / / /
 =========|_|==============|___/=/_/_/_/

 :: Spring Boot ::                (v3.4.5)

2025-04-29T02:15:43.315+05:30  INFO 6496 --- [           main] c.e.cricScore.CricScoreApplicationTests  : Starting CricScoreApplicationTests using Java 17.0.15 with PID 6496 (started by 91860 in C:\Users\91860\Desktop\cricScoreApp\cricScore)
2025-04-29T02:15:43.322+05:30  INFO 6496 --- [           main] c.e.cricScore.CricScoreApplicationTests  : No active profile set, falling back to 1 default profile: "default"
2025-04-29T02:15:45.512+05:30  INFO 6496 --- [           main] .s.d.r.c.RepositoryConfigurationDelegate : Bootstrapping Spring Data JPA repositories in DEFAULT mode.
2025-04-29T02:15:45.744+05:30  INFO 6496 --- [           main] .s.d.r.c.RepositoryConfigurationDelegate : Finished Spring Data repository scanning in 196 ms. Found 4 JPA repository interfaces.
2025-04-29T02:15:46.841+05:30  INFO 6496 --- [           main] o.hibernate.jpa.internal.util.LogHelper  : HHH000204: Processing PersistenceUnitInfo [name: default]
2025-04-29T02:15:47.015+05:30  INFO 6496 --- [           main] org.hibernate.Version                    : HHH000412: Hibernate ORM core version 6.2.7.Final
2025-04-29T02:15:47.022+05:30  INFO 6496 --- [           main] org.hibernate.cfg.Environment            : HHH000406: Using bytecode reflection optimizer
2025-04-29T02:15:47.530+05:30  INFO 6496 --- [           main] o.h.b.i.BytecodeProviderInitiator        : HHH000021: Bytecode provider name : bytebuddy
2025-04-29T02:15:47.784+05:30  INFO 6496 --- [           main] o.s.o.j.p.SpringPersistenceUnitInfo      : No LoadTimeWeaver setup: ignoring JPA class transformer
2025-04-29T02:15:47.824+05:30  INFO 6496 --- [           main] com.zaxxer.hikari.HikariDataSource       : HikariPool-1 - Starting...
2025-04-29T02:15:48.263+05:30  INFO 6496 --- [           main] com.zaxxer.hikari.pool.HikariPool        : HikariPool-1 - Added connection conn0: url=jdbc:h2:mem:testdb user=SA
2025-04-29T02:15:48.266+05:30  INFO 6496 --- [           main] com.zaxxer.hikari.HikariDataSource       : HikariPool-1 - Start completed.
2025-04-29T02:15:48.809+05:30  INFO 6496 --- [           main] o.h.b.i.BytecodeProviderInitiator        : HHH000021: Bytecode provider name : bytebuddy
2025-04-29T02:15:50.181+05:30  INFO 6496 --- [           main] o.h.e.t.j.p.i.JtaPlatformInitiator       : HHH000490: Using JtaPlatform implementation: [org.hibernate.engine.transaction.jta.platform.internal.NoJtaPlatform]
2025-04-29T02:15:50.307+05:30  INFO 6496 --- [           main] j.LocalContainerEntityManagerFactoryBean : Initialized JPA EntityManagerFactory for persistence unit 'default'
2025-04-29T02:15:51.725+05:30  WARN 6496 --- [           main] JpaBaseConfiguration$JpaWebConfiguration : spring.jpa.open-in-view is enabled by default. Therefore, database queries may be performed during view rendering. Explicitly configure spring.jpa.open-in-view to disable this warning
2025-04-29T02:15:52.588+05:30  INFO 6496 --- [           main] o.s.b.a.h2.H2ConsoleAutoConfiguration    : H2 console available at '/h2-console'. Database available at 'jdbc:h2:mem:testdb'
2025-04-29T02:15:52.719+05:30  INFO 6496 --- [           main] c.e.cricScore.CricScoreApplicationTests  : Started CricScoreApplicationTests in 10.075 seconds (process running for 12.441)
]]></system-out>
  </testcase>
</testsuite>